#
# A fatal error has been detected by the Java Runtime Environment:
#
#  EXCEPTION_ACCESS_VIOLATION (0xc0000005) at pc=0x00007ffe8fa4d900, pid=4764, tid=6844
#
# JRE version: OpenJDK Runtime Environment Corretto-11.0.10.9.1 (11.0.10+9) (build 11.0.10+9-LTS)
# Java VM: OpenJDK 64-Bit Server VM Corretto-11.0.10.9.1 (11.0.10+9-LTS, mixed mode, tiered, compressed oops, g1 gc, windows-amd64)
# Problematic frame:
# C  [nvoglv64.dll+0x127d900]
#
# No core dump will be written. Minidumps are not enabled by default on client versions of Windows
#
# If you would like to submit a bug report, please visit:
#   https://github.com/corretto/corretto-11/issues/
# The crash happened outside the Java Virtual Machine in native code.
# See problematic frame for where to report the bug.
#

---------------  S U M M A R Y ------------

Command Line: -Dfile.encoding=windows-1252 -Duser.country=CA -Duser.language=en -Duser.variant -ea MainKt

Host: AMD Ryzen 5 3600 6-Core Processor              , 12 cores, 15G,  Windows 10 , 64 bit Build 19041 (10.0.19041.1320)
Time: Sun Nov 28 22:07:07 2021 Eastern Standard Time elapsed time: 0.666738 seconds (0d 0h 0m 0s)

---------------  T H R E A D  ---------------

Current thread (0x0000022d060ba800):  JavaThread "main" [_thread_in_native, id=6844, stack(0x000000f904c00000,0x000000f904d00000)]

Stack: [0x000000f904c00000,0x000000f904d00000],  sp=0x000000f904cfef78,  free space=1019k
Native frames: (J=compiled Java code, j=interpreted, Vv=VM code, C=native code)
C  [nvoglv64.dll+0x127d900]

Java frames: (J=compiled Java code, j=interpreted, Vv=VM code)
j  org.lwjgl.opengl.GL11C.nglTexImage2D(IIIIIIIIJ)V+0
j  org.lwjgl.opengl.GL11C.glTexImage2D(IIIIIIIILjava/nio/ByteBuffer;)V+17
j  org.lwjgl.opengl.GL11.glTexImage2D(IIIIIIIILjava/nio/ByteBuffer;)V+14
j  marki.renderer.Texture.<init>(Ljava/lang/String;)V+145
j  marki.LevelEditorScene.<init>()V+26
j  marki.Window.changeScene(I)V+28
j  marki.Window.init()V+241
j  marki.Window.run()V+37
j  MainKt.main()V+8
j  MainKt.main([Ljava/lang/String;)V+0
v  ~StubRoutines::call_stub

siginfo: EXCEPTION_ACCESS_VIOLATION (0xc0000005), reading address 0x0000022d35219000


Register to memory mapping:

RIP=0x00007ffe8fa4d900 nvoglv64.dll
RAX=0x0 is NULL
RBX=0x0000022d2df222bc points into unknown readable memory: ff 7f 27 ff
RCX=0x0000022d2df2af50 points into unknown readable memory: 0x0000000000000000 | 00 00 00 00 00 00 00 00
RDX=0x00000000072ee104 is an unknown value
RSP=0x000000f904cfef78 is pointing into the stack for thread: 0x0000022d060ba800
RBP=0x0000022d352103c0 points into unknown readable memory: 0x7fff277fff277fff | ff 7f 27 ff 7f 27 ff 7f
RSI=0x0000000000009c40 is an unknown value
RDI=0x0000022d2f8ac080 points into unknown readable memory: 0x0000000000000000 | 00 00 00 00 00 00 00 00
R8 =0x0000000000009c2c is an unknown value
R9 =0x0000000000000020 is an unknown value
R10=0x0000022d352103c0 points into unknown readable memory: 0x7fff277fff277fff | ff 7f 27 ff 7f 27 ff 7f
R11=0x0000022d2df222bc points into unknown readable memory: ff 7f 27 ff
R12=0x0000000000001401 is an unknown value
R13=0x0000000000001908 is an unknown value
R14=0x0000000000000064 is an unknown value
R15=0x0000000000000de1 is an unknown value


Registers:
RAX=0x0000000000000000, RBX=0x0000022d2df222bc, RCX=0x0000022d2df2af50, RDX=0x00000000072ee104
RSP=0x000000f904cfef78, RBP=0x0000022d352103c0, RSI=0x0000000000009c40, RDI=0x0000022d2f8ac080
R8 =0x0000000000009c2c, R9 =0x0000000000000020, R10=0x0000022d352103c0, R11=0x0000022d2df222bc
R12=0x0000000000001401, R13=0x0000000000001908, R14=0x0000000000000064, R15=0x0000000000000de1
RIP=0x00007ffe8fa4d900, EFLAGS=0x0000000000010206

Top of Stack: (sp=0x000000f904cfef78)
0x000000f904cfef78:   00007ffe8f0a1a3f 0000000000000000
0x000000f904cfef88:   0000000000000000 0000000000000000
0x000000f904cfef98:   00007ffeddc6ca00 0000000000000000
0x000000f904cfefa8:   00007ffe00001908 00007ffe00001401
0x000000f904cfefb8:   0000022d352103c0 0000000a00009c40
0x000000f904cfefc8:   0000022d060ba800 0000022d060ba800
0x000000f904cfefd8:   000000f904cff1f0 0000022d34fb8bf8
0x000000f904cfefe8:   0000000000000000 0000000000001908
0x000000f904cfeff8:   0000000000000000 0000000000000de1
0x000000f904cff008:   00007ffefc45601a 0000000000000064
0x000000f904cff018:   00007ffe00000000 0000000000001908
0x000000f904cff028:   0000022d352103c0 0000022d00000064
0x000000f904cff038:   0000022d00000000 000000f900001908
0x000000f904cff048:   00007ffe00001401 0000022d352103c0
0x000000f904cff058:   0000022d060ba800 00000000000149b0
0x000000f904cff068:   00007ffeddc6cb35 0000000000000de1 

Instructions: (pc=0x00007ffe8fa4d900)
0x00007ffe8fa4d800:   89 40 04 44 88 48 06 c3 4c 8b 02 8b 4a 08 44 0f
0x00007ffe8fa4d810:   b6 4a 0c 4c 89 00 89 48 08 44 88 48 0c c3 66 90
0x00007ffe8fa4d820:   4c 8b 02 0f b6 4a 08 4c 89 00 88 48 08 c3 66 90
0x00007ffe8fa4d830:   4c 8b 02 0f b7 4a 08 4c 89 00 66 89 48 08 c3 90
0x00007ffe8fa4d840:   4c 8b 02 8b 4a 08 4c 89 00 89 48 08 c3 0f 1f 00
0x00007ffe8fa4d850:   4c 8b 02 8b 4a 08 44 0f b7 4a 0c 4c 89 00 89 48
0x00007ffe8fa4d860:   08 66 44 89 48 0c c3 66 0f 1f 84 00 00 00 00 00
0x00007ffe8fa4d870:   4c 8b 02 8b 4a 08 44 0f b7 4a 0c 44 0f b6 52 0e
0x00007ffe8fa4d880:   4c 89 00 89 48 08 66 44 89 48 0c 44 88 50 0e c3
0x00007ffe8fa4d890:   0f 10 04 11 4c 03 c1 48 83 c1 10 41 f6 c3 0f 74
0x00007ffe8fa4d8a0:   13 0f 28 c8 48 83 e1 f0 0f 10 04 11 48 83 c1 10
0x00007ffe8fa4d8b0:   41 0f 11 0b 4c 2b c1 4d 8b c8 49 c1 e9 07 0f 84
0x00007ffe8fa4d8c0:   88 00 00 00 0f 29 41 f0 4c 3b 0d a9 87 a4 01 76
0x00007ffe8fa4d8d0:   17 e9 c2 00 00 00 66 66 0f 1f 84 00 00 00 00 00
0x00007ffe8fa4d8e0:   0f 29 41 e0 0f 29 49 f0 0f 10 04 11 0f 10 4c 11
0x00007ffe8fa4d8f0:   10 48 81 c1 80 00 00 00 0f 29 41 80 0f 29 49 90
0x00007ffe8fa4d900:   0f 10 44 11 a0 0f 10 4c 11 b0 49 ff c9 0f 29 41
0x00007ffe8fa4d910:   a0 0f 29 49 b0 0f 10 44 11 c0 0f 10 4c 11 d0 0f
0x00007ffe8fa4d920:   29 41 c0 0f 29 49 d0 0f 10 44 11 e0 0f 10 4c 11
0x00007ffe8fa4d930:   f0 75 ad 0f 29 41 e0 49 83 e0 7f 0f 28 c1 eb 0c
0x00007ffe8fa4d940:   0f 10 04 11 48 83 c1 10 49 83 e8 10 4d 8b c8 49
0x00007ffe8fa4d950:   c1 e9 04 74 1c 66 66 66 0f 1f 84 00 00 00 00 00
0x00007ffe8fa4d960:   0f 11 41 f0 0f 10 04 11 48 83 c1 10 49 ff c9 75
0x00007ffe8fa4d970:   ef 49 83 e0 0f 74 0d 4a 8d 04 01 0f 10 4c 10 f0
0x00007ffe8fa4d980:   0f 11 48 f0 0f 11 41 f0 49 8b c3 c3 0f 1f 40 00
0x00007ffe8fa4d990:   0f 2b 41 e0 0f 2b 49 f0 0f 18 84 11 00 02 00 00
0x00007ffe8fa4d9a0:   0f 10 04 11 0f 10 4c 11 10 48 81 c1 80 00 00 00
0x00007ffe8fa4d9b0:   0f 2b 41 80 0f 2b 49 90 0f 10 44 11 a0 0f 10 4c
0x00007ffe8fa4d9c0:   11 b0 49 ff c9 0f 2b 41 a0 0f 2b 49 b0 0f 10 44
0x00007ffe8fa4d9d0:   11 c0 0f 10 4c 11 d0 0f 18 84 11 40 02 00 00 0f
0x00007ffe8fa4d9e0:   2b 41 c0 0f 2b 49 d0 0f 10 44 11 e0 0f 10 4c 11
0x00007ffe8fa4d9f0:   f0 75 9d 0f ae f8 e9 38 ff ff ff 0f 1f 44 00 00 


Stack slot to memory mapping:
stack at sp + 0 slots: 0x00007ffe8f0a1a3f nvoglv64.dll
stack at sp + 1 slots: 0x0 is NULL
stack at sp + 2 slots: 0x0 is NULL
stack at sp + 3 slots: 0x0 is NULL
stack at sp + 4 slots: 0x00007ffeddc6ca00 lwjgl_opengl.dll
stack at sp + 5 slots: 0x0 is NULL
stack at sp + 6 slots: 0x00007ffe00001908 is an unknown value
stack at sp + 7 slots: 0x00007ffe00001401 is an unknown value


---------------  P R O C E S S  ---------------

Threads class SMR info:
_java_thread_list=0x0000022d2cc0ca60, length=11, elements={
0x0000022d060ba800, 0x0000022d2c157000, 0x0000022d2ca0a000, 0x0000022d2ca53800,
0x0000022d2ca55800, 0x0000022d2ca56800, 0x0000022d2ca65000, 0x0000022d2ca6b800,
0x0000022d2ca6d000, 0x0000022d2cbe4000, 0x0000022d2cd5d000
}

Java Threads: ( => current thread )
=>0x0000022d060ba800 JavaThread "main" [_thread_in_native, id=6844, stack(0x000000f904c00000,0x000000f904d00000)]
  0x0000022d2c157000 JavaThread "Reference Handler" daemon [_thread_blocked, id=5668, stack(0x000000f905300000,0x000000f905400000)]
  0x0000022d2ca0a000 JavaThread "Finalizer" daemon [_thread_blocked, id=14804, stack(0x000000f905400000,0x000000f905500000)]
  0x0000022d2ca53800 JavaThread "Signal Dispatcher" daemon [_thread_blocked, id=13652, stack(0x000000f905500000,0x000000f905600000)]
  0x0000022d2ca55800 JavaThread "Attach Listener" daemon [_thread_blocked, id=16116, stack(0x000000f905600000,0x000000f905700000)]
  0x0000022d2ca56800 JavaThread "Service Thread" daemon [_thread_blocked, id=16112, stack(0x000000f905700000,0x000000f905800000)]
  0x0000022d2ca65000 JavaThread "C2 CompilerThread0" daemon [_thread_blocked, id=15536, stack(0x000000f905800000,0x000000f905900000)]
  0x0000022d2ca6b800 JavaThread "C1 CompilerThread0" daemon [_thread_blocked, id=9700, stack(0x000000f905900000,0x000000f905a00000)]
  0x0000022d2ca6d000 JavaThread "Sweeper thread" daemon [_thread_blocked, id=14676, stack(0x000000f905a00000,0x000000f905b00000)]
  0x0000022d2cbe4000 JavaThread "Common-Cleaner" daemon [_thread_blocked, id=828, stack(0x000000f905c00000,0x000000f905d00000)]
  0x0000022d2cd5d000 JavaThread "C2 CompilerThread1" daemon [_thread_blocked, id=19172, stack(0x000000f905d00000,0x000000f905e00000)]

Other Threads:
  0x0000022d2c154000 VMThread "VM Thread" [stack: 0x000000f905200000,0x000000f905300000] [id=9448]
  0x0000022d2cbe3000 WatcherThread [stack: 0x000000f905b00000,0x000000f905c00000] [id=11924]
  0x0000022d060d3000 GCTaskThread "GC Thread#0" [stack: 0x000000f904d00000,0x000000f904e00000] [id=11472]
  0x0000022d06133800 ConcurrentGCThread "G1 Main Marker" [stack: 0x000000f904e00000,0x000000f904f00000] [id=1444]
  0x0000022d06135000 ConcurrentGCThread "G1 Conc#0" [stack: 0x000000f904f00000,0x000000f905000000] [id=18252]
  0x0000022d2c037800 ConcurrentGCThread "G1 Refine#0" [stack: 0x000000f905000000,0x000000f905100000] [id=10892]
  0x0000022d2c038800 ConcurrentGCThread "G1 Young RemSet Sampling" [stack: 0x000000f905100000,0x000000f905200000] [id=12836]

Threads with active compile tasks:

VM state:not at safepoint (normal execution)

VM Mutex/Monitor currently owned by a thread: None

Heap address: 0x0000000700c00000, size: 4084 MB, Compressed Oops mode: Zero based, Oop shift amount: 3
Narrow klass base: 0x0000000800000000, Narrow klass shift: 0
Compressed class space size: 1073741824 Address: 0x0000000800000000

Heap:
 garbage-first heap   total 262144K, used 19456K [0x0000000700c00000, 0x0000000800000000)
  region size 1024K, 21 young (21504K), 0 survivors (0K)
 Metaspace       used 9663K, capacity 9776K, committed 10112K, reserved 1058816K
  class space    used 760K, capacity 816K, committed 896K, reserved 1048576K
Heap Regions: E=young(eden), S=young(survivor), O=old, HS=humongous(starts), HC=humongous(continues), CS=collection set, F=free, A=archive, TAMS=top-at-mark-start (previous, next)
|   0|0x0000000700c00000, 0x0000000700c00000, 0x0000000700d00000|  0%| F|  |TAMS 0x0000000700c00000, 0x0000000700c00000| Untracked 
|   1|0x0000000700d00000, 0x0000000700d00000, 0x0000000700e00000|  0%| F|  |TAMS 0x0000000700d00000, 0x0000000700d00000| Untracked 
|   2|0x0000000700e00000, 0x0000000700e00000, 0x0000000700f00000|  0%| F|  |TAMS 0x0000000700e00000, 0x0000000700e00000| Untracked 
|   3|0x0000000700f00000, 0x0000000700f00000, 0x0000000701000000|  0%| F|  |TAMS 0x0000000700f00000, 0x0000000700f00000| Untracked 
|   4|0x0000000701000000, 0x0000000701000000, 0x0000000701100000|  0%| F|  |TAMS 0x0000000701000000, 0x0000000701000000| Untracked 
|   5|0x0000000701100000, 0x0000000701100000, 0x0000000701200000|  0%| F|  |TAMS 0x0000000701100000, 0x0000000701100000| Untracked 
|   6|0x0000000701200000, 0x0000000701200000, 0x0000000701300000|  0%| F|  |TAMS 0x0000000701200000, 0x0000000701200000| Untracked 
|   7|0x0000000701300000, 0x0000000701300000, 0x0000000701400000|  0%| F|  |TAMS 0x0000000701300000, 0x0000000701300000| Untracked 
|   8|0x0000000701400000, 0x0000000701400000, 0x0000000701500000|  0%| F|  |TAMS 0x0000000701400000, 0x0000000701400000| Untracked 
|   9|0x0000000701500000, 0x0000000701500000, 0x0000000701600000|  0%| F|  |TAMS 0x0000000701500000, 0x0000000701500000| Untracked 
|  10|0x0000000701600000, 0x0000000701600000, 0x0000000701700000|  0%| F|  |TAMS 0x0000000701600000, 0x0000000701600000| Untracked 
|  11|0x0000000701700000, 0x0000000701700000, 0x0000000701800000|  0%| F|  |TAMS 0x0000000701700000, 0x0000000701700000| Untracked 
|  12|0x0000000701800000, 0x0000000701800000, 0x0000000701900000|  0%| F|  |TAMS 0x0000000701800000, 0x0000000701800000| Untracked 
|  13|0x0000000701900000, 0x0000000701900000, 0x0000000701a00000|  0%| F|  |TAMS 0x0000000701900000, 0x0000000701900000| Untracked 
|  14|0x0000000701a00000, 0x0000000701a00000, 0x0000000701b00000|  0%| F|  |TAMS 0x0000000701a00000, 0x0000000701a00000| Untracked 
|  15|0x0000000701b00000, 0x0000000701b00000, 0x0000000701c00000|  0%| F|  |TAMS 0x0000000701b00000, 0x0000000701b00000| Untracked 
|  16|0x0000000701c00000, 0x0000000701c00000, 0x0000000701d00000|  0%| F|  |TAMS 0x0000000701c00000, 0x0000000701c00000| Untracked 
|  17|0x0000000701d00000, 0x0000000701d00000, 0x0000000701e00000|  0%| F|  |TAMS 0x0000000701d00000, 0x0000000701d00000| Untracked 
|  18|0x0000000701e00000, 0x0000000701e00000, 0x0000000701f00000|  0%| F|  |TAMS 0x0000000701e00000, 0x0000000701e00000| Untracked 
|  19|0x0000000701f00000, 0x0000000701f00000, 0x0000000702000000|  0%| F|  |TAMS 0x0000000701f00000, 0x0000000701f00000| Untracked 
|  20|0x0000000702000000, 0x0000000702000000, 0x0000000702100000|  0%| F|  |TAMS 0x0000000702000000, 0x0000000702000000| Untracked 
|  21|0x0000000702100000, 0x0000000702100000, 0x0000000702200000|  0%| F|  |TAMS 0x0000000702100000, 0x0000000702100000| Untracked 
|  22|0x0000000702200000, 0x0000000702200000, 0x0000000702300000|  0%| F|  |TAMS 0x0000000702200000, 0x0000000702200000| Untracked 
|  23|0x0000000702300000, 0x0000000702300000, 0x0000000702400000|  0%| F|  |TAMS 0x0000000702300000, 0x0000000702300000| Untracked 
|  24|0x0000000702400000, 0x0000000702400000, 0x0000000702500000|  0%| F|  |TAMS 0x0000000702400000, 0x0000000702400000| Untracked 
|  25|0x0000000702500000, 0x0000000702500000, 0x0000000702600000|  0%| F|  |TAMS 0x0000000702500000, 0x0000000702500000| Untracked 
|  26|0x0000000702600000, 0x0000000702600000, 0x0000000702700000|  0%| F|  |TAMS 0x0000000702600000, 0x0000000702600000| Untracked 
|  27|0x0000000702700000, 0x0000000702700000, 0x0000000702800000|  0%| F|  |TAMS 0x0000000702700000, 0x0000000702700000| Untracked 
|  28|0x0000000702800000, 0x0000000702800000, 0x0000000702900000|  0%| F|  |TAMS 0x0000000702800000, 0x0000000702800000| Untracked 
|  29|0x0000000702900000, 0x0000000702900000, 0x0000000702a00000|  0%| F|  |TAMS 0x0000000702900000, 0x0000000702900000| Untracked 
|  30|0x0000000702a00000, 0x0000000702a00000, 0x0000000702b00000|  0%| F|  |TAMS 0x0000000702a00000, 0x0000000702a00000| Untracked 
|  31|0x0000000702b00000, 0x0000000702b00000, 0x0000000702c00000|  0%| F|  |TAMS 0x0000000702b00000, 0x0000000702b00000| Untracked 
|  32|0x0000000702c00000, 0x0000000702c00000, 0x0000000702d00000|  0%| F|  |TAMS 0x0000000702c00000, 0x0000000702c00000| Untracked 
|  33|0x0000000702d00000, 0x0000000702d00000, 0x0000000702e00000|  0%| F|  |TAMS 0x0000000702d00000, 0x0000000702d00000| Untracked 
|  34|0x0000000702e00000, 0x0000000702e00000, 0x0000000702f00000|  0%| F|  |TAMS 0x0000000702e00000, 0x0000000702e00000| Untracked 
|  35|0x0000000702f00000, 0x0000000702f00000, 0x0000000703000000|  0%| F|  |TAMS 0x0000000702f00000, 0x0000000702f00000| Untracked 
|  36|0x0000000703000000, 0x0000000703000000, 0x0000000703100000|  0%| F|  |TAMS 0x0000000703000000, 0x0000000703000000| Untracked 
|  37|0x0000000703100000, 0x0000000703100000, 0x0000000703200000|  0%| F|  |TAMS 0x0000000703100000, 0x0000000703100000| Untracked 
|  38|0x0000000703200000, 0x0000000703200000, 0x0000000703300000|  0%| F|  |TAMS 0x0000000703200000, 0x0000000703200000| Untracked 
|  39|0x0000000703300000, 0x0000000703300000, 0x0000000703400000|  0%| F|  |TAMS 0x0000000703300000, 0x0000000703300000| Untracked 
|  40|0x0000000703400000, 0x0000000703400000, 0x0000000703500000|  0%| F|  |TAMS 0x0000000703400000, 0x0000000703400000| Untracked 
|  41|0x0000000703500000, 0x0000000703500000, 0x0000000703600000|  0%| F|  |TAMS 0x0000000703500000, 0x0000000703500000| Untracked 
|  42|0x0000000703600000, 0x0000000703600000, 0x0000000703700000|  0%| F|  |TAMS 0x0000000703600000, 0x0000000703600000| Untracked 
|  43|0x0000000703700000, 0x0000000703700000, 0x0000000703800000|  0%| F|  |TAMS 0x0000000703700000, 0x0000000703700000| Untracked 
|  44|0x0000000703800000, 0x0000000703800000, 0x0000000703900000|  0%| F|  |TAMS 0x0000000703800000, 0x0000000703800000| Untracked 
|  45|0x0000000703900000, 0x0000000703900000, 0x0000000703a00000|  0%| F|  |TAMS 0x0000000703900000, 0x0000000703900000| Untracked 
|  46|0x0000000703a00000, 0x0000000703a00000, 0x0000000703b00000|  0%| F|  |TAMS 0x0000000703a00000, 0x0000000703a00000| Untracked 
|  47|0x0000000703b00000, 0x0000000703b00000, 0x0000000703c00000|  0%| F|  |TAMS 0x0000000703b00000, 0x0000000703b00000| Untracked 
|  48|0x0000000703c00000, 0x0000000703c00000, 0x0000000703d00000|  0%| F|  |TAMS 0x0000000703c00000, 0x0000000703c00000| Untracked 
|  49|0x0000000703d00000, 0x0000000703d00000, 0x0000000703e00000|  0%| F|  |TAMS 0x0000000703d00000, 0x0000000703d00000| Untracked 
|  50|0x0000000703e00000, 0x0000000703e00000, 0x0000000703f00000|  0%| F|  |TAMS 0x0000000703e00000, 0x0000000703e00000| Untracked 
|  51|0x0000000703f00000, 0x0000000703f00000, 0x0000000704000000|  0%| F|  |TAMS 0x0000000703f00000, 0x0000000703f00000| Untracked 
|  52|0x0000000704000000, 0x0000000704000000, 0x0000000704100000|  0%| F|  |TAMS 0x0000000704000000, 0x0000000704000000| Untracked 
|  53|0x0000000704100000, 0x0000000704100000, 0x0000000704200000|  0%| F|  |TAMS 0x0000000704100000, 0x0000000704100000| Untracked 
|  54|0x0000000704200000, 0x0000000704200000, 0x0000000704300000|  0%| F|  |TAMS 0x0000000704200000, 0x0000000704200000| Untracked 
|  55|0x0000000704300000, 0x0000000704300000, 0x0000000704400000|  0%| F|  |TAMS 0x0000000704300000, 0x0000000704300000| Untracked 
|  56|0x0000000704400000, 0x0000000704400000, 0x0000000704500000|  0%| F|  |TAMS 0x0000000704400000, 0x0000000704400000| Untracked 
|  57|0x0000000704500000, 0x0000000704500000, 0x0000000704600000|  0%| F|  |TAMS 0x0000000704500000, 0x0000000704500000| Untracked 
|  58|0x0000000704600000, 0x0000000704600000, 0x0000000704700000|  0%| F|  |TAMS 0x0000000704600000, 0x0000000704600000| Untracked 
|  59|0x0000000704700000, 0x0000000704700000, 0x0000000704800000|  0%| F|  |TAMS 0x0000000704700000, 0x0000000704700000| Untracked 
|  60|0x0000000704800000, 0x0000000704800000, 0x0000000704900000|  0%| F|  |TAMS 0x0000000704800000, 0x0000000704800000| Untracked 
|  61|0x0000000704900000, 0x0000000704900000, 0x0000000704a00000|  0%| F|  |TAMS 0x0000000704900000, 0x0000000704900000| Untracked 
|  62|0x0000000704a00000, 0x0000000704a00000, 0x0000000704b00000|  0%| F|  |TAMS 0x0000000704a00000, 0x0000000704a00000| Untracked 
|  63|0x0000000704b00000, 0x0000000704b00000, 0x0000000704c00000|  0%| F|  |TAMS 0x0000000704b00000, 0x0000000704b00000| Untracked 
|  64|0x0000000704c00000, 0x0000000704c00000, 0x0000000704d00000|  0%| F|  |TAMS 0x0000000704c00000, 0x0000000704c00000| Untracked 
|  65|0x0000000704d00000, 0x0000000704d00000, 0x0000000704e00000|  0%| F|  |TAMS 0x0000000704d00000, 0x0000000704d00000| Untracked 
|  66|0x0000000704e00000, 0x0000000704e00000, 0x0000000704f00000|  0%| F|  |TAMS 0x0000000704e00000, 0x0000000704e00000| Untracked 
|  67|0x0000000704f00000, 0x0000000704f00000, 0x0000000705000000|  0%| F|  |TAMS 0x0000000704f00000, 0x0000000704f00000| Untracked 
|  68|0x0000000705000000, 0x0000000705000000, 0x0000000705100000|  0%| F|  |TAMS 0x0000000705000000, 0x0000000705000000| Untracked 
|  69|0x0000000705100000, 0x0000000705100000, 0x0000000705200000|  0%| F|  |TAMS 0x0000000705100000, 0x0000000705100000| Untracked 
|  70|0x0000000705200000, 0x0000000705200000, 0x0000000705300000|  0%| F|  |TAMS 0x0000000705200000, 0x0000000705200000| Untracked 
|  71|0x0000000705300000, 0x0000000705300000, 0x0000000705400000|  0%| F|  |TAMS 0x0000000705300000, 0x0000000705300000| Untracked 
|  72|0x0000000705400000, 0x0000000705400000, 0x0000000705500000|  0%| F|  |TAMS 0x0000000705400000, 0x0000000705400000| Untracked 
|  73|0x0000000705500000, 0x0000000705500000, 0x0000000705600000|  0%| F|  |TAMS 0x0000000705500000, 0x0000000705500000| Untracked 
|  74|0x0000000705600000, 0x0000000705600000, 0x0000000705700000|  0%| F|  |TAMS 0x0000000705600000, 0x0000000705600000| Untracked 
|  75|0x0000000705700000, 0x0000000705700000, 0x0000000705800000|  0%| F|  |TAMS 0x0000000705700000, 0x0000000705700000| Untracked 
|  76|0x0000000705800000, 0x0000000705800000, 0x0000000705900000|  0%| F|  |TAMS 0x0000000705800000, 0x0000000705800000| Untracked 
|  77|0x0000000705900000, 0x0000000705900000, 0x0000000705a00000|  0%| F|  |TAMS 0x0000000705900000, 0x0000000705900000| Untracked 
|  78|0x0000000705a00000, 0x0000000705a00000, 0x0000000705b00000|  0%| F|  |TAMS 0x0000000705a00000, 0x0000000705a00000| Untracked 
|  79|0x0000000705b00000, 0x0000000705b00000, 0x0000000705c00000|  0%| F|  |TAMS 0x0000000705b00000, 0x0000000705b00000| Untracked 
|  80|0x0000000705c00000, 0x0000000705c00000, 0x0000000705d00000|  0%| F|  |TAMS 0x0000000705c00000, 0x0000000705c00000| Untracked 
|  81|0x0000000705d00000, 0x0000000705d00000, 0x0000000705e00000|  0%| F|  |TAMS 0x0000000705d00000, 0x0000000705d00000| Untracked 
|  82|0x0000000705e00000, 0x0000000705e00000, 0x0000000705f00000|  0%| F|  |TAMS 0x0000000705e00000, 0x0000000705e00000| Untracked 
|  83|0x0000000705f00000, 0x0000000705f00000, 0x0000000706000000|  0%| F|  |TAMS 0x0000000705f00000, 0x0000000705f00000| Untracked 
|  84|0x0000000706000000, 0x0000000706000000, 0x0000000706100000|  0%| F|  |TAMS 0x0000000706000000, 0x0000000706000000| Untracked 
|  85|0x0000000706100000, 0x0000000706100000, 0x0000000706200000|  0%| F|  |TAMS 0x0000000706100000, 0x0000000706100000| Untracked 
|  86|0x0000000706200000, 0x0000000706200000, 0x0000000706300000|  0%| F|  |TAMS 0x0000000706200000, 0x0000000706200000| Untracked 
|  87|0x0000000706300000, 0x0000000706300000, 0x0000000706400000|  0%| F|  |TAMS 0x0000000706300000, 0x0000000706300000| Untracked 
|  88|0x0000000706400000, 0x0000000706400000, 0x0000000706500000|  0%| F|  |TAMS 0x0000000706400000, 0x0000000706400000| Untracked 
|  89|0x0000000706500000, 0x0000000706500000, 0x0000000706600000|  0%| F|  |TAMS 0x0000000706500000, 0x0000000706500000| Untracked 
|  90|0x0000000706600000, 0x0000000706600000, 0x0000000706700000|  0%| F|  |TAMS 0x0000000706600000, 0x0000000706600000| Untracked 
|  91|0x0000000706700000, 0x0000000706700000, 0x0000000706800000|  0%| F|  |TAMS 0x0000000706700000, 0x0000000706700000| Untracked 
|  92|0x0000000706800000, 0x0000000706800000, 0x0000000706900000|  0%| F|  |TAMS 0x0000000706800000, 0x0000000706800000| Untracked 
|  93|0x0000000706900000, 0x0000000706900000, 0x0000000706a00000|  0%| F|  |TAMS 0x0000000706900000, 0x0000000706900000| Untracked 
|  94|0x0000000706a00000, 0x0000000706a00000, 0x0000000706b00000|  0%| F|  |TAMS 0x0000000706a00000, 0x0000000706a00000| Untracked 
|  95|0x0000000706b00000, 0x0000000706b00000, 0x0000000706c00000|  0%| F|  |TAMS 0x0000000706b00000, 0x0000000706b00000| Untracked 
|  96|0x0000000706c00000, 0x0000000706c00000, 0x0000000706d00000|  0%| F|  |TAMS 0x0000000706c00000, 0x0000000706c00000| Untracked 
|  97|0x0000000706d00000, 0x0000000706d00000, 0x0000000706e00000|  0%| F|  |TAMS 0x0000000706d00000, 0x0000000706d00000| Untracked 
|  98|0x0000000706e00000, 0x0000000706e00000, 0x0000000706f00000|  0%| F|  |TAMS 0x0000000706e00000, 0x0000000706e00000| Untracked 
|  99|0x0000000706f00000, 0x0000000706f00000, 0x0000000707000000|  0%| F|  |TAMS 0x0000000706f00000, 0x0000000706f00000| Untracked 
| 100|0x0000000707000000, 0x0000000707000000, 0x0000000707100000|  0%| F|  |TAMS 0x0000000707000000, 0x0000000707000000| Untracked 
| 101|0x0000000707100000, 0x0000000707100000, 0x0000000707200000|  0%| F|  |TAMS 0x0000000707100000, 0x0000000707100000| Untracked 
| 102|0x0000000707200000, 0x0000000707200000, 0x0000000707300000|  0%| F|  |TAMS 0x0000000707200000, 0x0000000707200000| Untracked 
| 103|0x0000000707300000, 0x0000000707300000, 0x0000000707400000|  0%| F|  |TAMS 0x0000000707300000, 0x0000000707300000| Untracked 
| 104|0x0000000707400000, 0x0000000707400000, 0x0000000707500000|  0%| F|  |TAMS 0x0000000707400000, 0x0000000707400000| Untracked 
| 105|0x0000000707500000, 0x0000000707500000, 0x0000000707600000|  0%| F|  |TAMS 0x0000000707500000, 0x0000000707500000| Untracked 
| 106|0x0000000707600000, 0x0000000707600000, 0x0000000707700000|  0%| F|  |TAMS 0x0000000707600000, 0x0000000707600000| Untracked 
| 107|0x0000000707700000, 0x0000000707700000, 0x0000000707800000|  0%| F|  |TAMS 0x0000000707700000, 0x0000000707700000| Untracked 
| 108|0x0000000707800000, 0x0000000707800000, 0x0000000707900000|  0%| F|  |TAMS 0x0000000707800000, 0x0000000707800000| Untracked 
| 109|0x0000000707900000, 0x0000000707900000, 0x0000000707a00000|  0%| F|  |TAMS 0x0000000707900000, 0x0000000707900000| Untracked 
| 110|0x0000000707a00000, 0x0000000707a00000, 0x0000000707b00000|  0%| F|  |TAMS 0x0000000707a00000, 0x0000000707a00000| Untracked 
| 111|0x0000000707b00000, 0x0000000707b00000, 0x0000000707c00000|  0%| F|  |TAMS 0x0000000707b00000, 0x0000000707b00000| Untracked 
| 112|0x0000000707c00000, 0x0000000707c00000, 0x0000000707d00000|  0%| F|  |TAMS 0x0000000707c00000, 0x0000000707c00000| Untracked 
| 113|0x0000000707d00000, 0x0000000707d00000, 0x0000000707e00000|  0%| F|  |TAMS 0x0000000707d00000, 0x0000000707d00000| Untracked 
| 114|0x0000000707e00000, 0x0000000707e00000, 0x0000000707f00000|  0%| F|  |TAMS 0x0000000707e00000, 0x0000000707e00000| Untracked 
| 115|0x0000000707f00000, 0x0000000707f00000, 0x0000000708000000|  0%| F|  |TAMS 0x0000000707f00000, 0x0000000707f00000| Untracked 
| 116|0x0000000708000000, 0x0000000708000000, 0x0000000708100000|  0%| F|  |TAMS 0x0000000708000000, 0x0000000708000000| Untracked 
| 117|0x0000000708100000, 0x0000000708100000, 0x0000000708200000|  0%| F|  |TAMS 0x0000000708100000, 0x0000000708100000| Untracked 
| 118|0x0000000708200000, 0x0000000708200000, 0x0000000708300000|  0%| F|  |TAMS 0x0000000708200000, 0x0000000708200000| Untracked 
| 119|0x0000000708300000, 0x0000000708300000, 0x0000000708400000|  0%| F|  |TAMS 0x0000000708300000, 0x0000000708300000| Untracked 
| 120|0x0000000708400000, 0x0000000708400000, 0x0000000708500000|  0%| F|  |TAMS 0x0000000708400000, 0x0000000708400000| Untracked 
| 121|0x0000000708500000, 0x0000000708500000, 0x0000000708600000|  0%| F|  |TAMS 0x0000000708500000, 0x0000000708500000| Untracked 
| 122|0x0000000708600000, 0x0000000708600000, 0x0000000708700000|  0%| F|  |TAMS 0x0000000708600000, 0x0000000708600000| Untracked 
| 123|0x0000000708700000, 0x0000000708700000, 0x0000000708800000|  0%| F|  |TAMS 0x0000000708700000, 0x0000000708700000| Untracked 
| 124|0x0000000708800000, 0x0000000708800000, 0x0000000708900000|  0%| F|  |TAMS 0x0000000708800000, 0x0000000708800000| Untracked 
| 125|0x0000000708900000, 0x0000000708900000, 0x0000000708a00000|  0%| F|  |TAMS 0x0000000708900000, 0x0000000708900000| Untracked 
| 126|0x0000000708a00000, 0x0000000708a00000, 0x0000000708b00000|  0%| F|  |TAMS 0x0000000708a00000, 0x0000000708a00000| Untracked 
| 127|0x0000000708b00000, 0x0000000708b00000, 0x0000000708c00000|  0%| F|  |TAMS 0x0000000708b00000, 0x0000000708b00000| Untracked 
| 128|0x0000000708c00000, 0x0000000708c00000, 0x0000000708d00000|  0%| F|  |TAMS 0x0000000708c00000, 0x0000000708c00000| Untracked 
| 129|0x0000000708d00000, 0x0000000708d00000, 0x0000000708e00000|  0%| F|  |TAMS 0x0000000708d00000, 0x0000000708d00000| Untracked 
| 130|0x0000000708e00000, 0x0000000708e00000, 0x0000000708f00000|  0%| F|  |TAMS 0x0000000708e00000, 0x0000000708e00000| Untracked 
| 131|0x0000000708f00000, 0x0000000708f00000, 0x0000000709000000|  0%| F|  |TAMS 0x0000000708f00000, 0x0000000708f00000| Untracked 
| 132|0x0000000709000000, 0x0000000709000000, 0x0000000709100000|  0%| F|  |TAMS 0x0000000709000000, 0x0000000709000000| Untracked 
| 133|0x0000000709100000, 0x0000000709100000, 0x0000000709200000|  0%| F|  |TAMS 0x0000000709100000, 0x0000000709100000| Untracked 
| 134|0x0000000709200000, 0x0000000709200000, 0x0000000709300000|  0%| F|  |TAMS 0x0000000709200000, 0x0000000709200000| Untracked 
| 135|0x0000000709300000, 0x0000000709300000, 0x0000000709400000|  0%| F|  |TAMS 0x0000000709300000, 0x0000000709300000| Untracked 
| 136|0x0000000709400000, 0x0000000709400000, 0x0000000709500000|  0%| F|  |TAMS 0x0000000709400000, 0x0000000709400000| Untracked 
| 137|0x0000000709500000, 0x0000000709500000, 0x0000000709600000|  0%| F|  |TAMS 0x0000000709500000, 0x0000000709500000| Untracked 
| 138|0x0000000709600000, 0x0000000709600000, 0x0000000709700000|  0%| F|  |TAMS 0x0000000709600000, 0x0000000709600000| Untracked 
| 139|0x0000000709700000, 0x0000000709700000, 0x0000000709800000|  0%| F|  |TAMS 0x0000000709700000, 0x0000000709700000| Untracked 
| 140|0x0000000709800000, 0x0000000709800000, 0x0000000709900000|  0%| F|  |TAMS 0x0000000709800000, 0x0000000709800000| Untracked 
| 141|0x0000000709900000, 0x0000000709900000, 0x0000000709a00000|  0%| F|  |TAMS 0x0000000709900000, 0x0000000709900000| Untracked 
| 142|0x0000000709a00000, 0x0000000709a00000, 0x0000000709b00000|  0%| F|  |TAMS 0x0000000709a00000, 0x0000000709a00000| Untracked 
| 143|0x0000000709b00000, 0x0000000709b00000, 0x0000000709c00000|  0%| F|  |TAMS 0x0000000709b00000, 0x0000000709b00000| Untracked 
| 144|0x0000000709c00000, 0x0000000709c00000, 0x0000000709d00000|  0%| F|  |TAMS 0x0000000709c00000, 0x0000000709c00000| Untracked 
| 145|0x0000000709d00000, 0x0000000709d00000, 0x0000000709e00000|  0%| F|  |TAMS 0x0000000709d00000, 0x0000000709d00000| Untracked 
| 146|0x0000000709e00000, 0x0000000709e00000, 0x0000000709f00000|  0%| F|  |TAMS 0x0000000709e00000, 0x0000000709e00000| Untracked 
| 147|0x0000000709f00000, 0x0000000709f00000, 0x000000070a000000|  0%| F|  |TAMS 0x0000000709f00000, 0x0000000709f00000| Untracked 
| 148|0x000000070a000000, 0x000000070a000000, 0x000000070a100000|  0%| F|  |TAMS 0x000000070a000000, 0x000000070a000000| Untracked 
| 149|0x000000070a100000, 0x000000070a100000, 0x000000070a200000|  0%| F|  |TAMS 0x000000070a100000, 0x000000070a100000| Untracked 
| 150|0x000000070a200000, 0x000000070a200000, 0x000000070a300000|  0%| F|  |TAMS 0x000000070a200000, 0x000000070a200000| Untracked 
| 151|0x000000070a300000, 0x000000070a300000, 0x000000070a400000|  0%| F|  |TAMS 0x000000070a300000, 0x000000070a300000| Untracked 
| 152|0x000000070a400000, 0x000000070a400000, 0x000000070a500000|  0%| F|  |TAMS 0x000000070a400000, 0x000000070a400000| Untracked 
| 153|0x000000070a500000, 0x000000070a500000, 0x000000070a600000|  0%| F|  |TAMS 0x000000070a500000, 0x000000070a500000| Untracked 
| 154|0x000000070a600000, 0x000000070a600000, 0x000000070a700000|  0%| F|  |TAMS 0x000000070a600000, 0x000000070a600000| Untracked 
| 155|0x000000070a700000, 0x000000070a700000, 0x000000070a800000|  0%| F|  |TAMS 0x000000070a700000, 0x000000070a700000| Untracked 
| 156|0x000000070a800000, 0x000000070a800000, 0x000000070a900000|  0%| F|  |TAMS 0x000000070a800000, 0x000000070a800000| Untracked 
| 157|0x000000070a900000, 0x000000070a900000, 0x000000070aa00000|  0%| F|  |TAMS 0x000000070a900000, 0x000000070a900000| Untracked 
| 158|0x000000070aa00000, 0x000000070aa00000, 0x000000070ab00000|  0%| F|  |TAMS 0x000000070aa00000, 0x000000070aa00000| Untracked 
| 159|0x000000070ab00000, 0x000000070ab00000, 0x000000070ac00000|  0%| F|  |TAMS 0x000000070ab00000, 0x000000070ab00000| Untracked 
| 160|0x000000070ac00000, 0x000000070ac00000, 0x000000070ad00000|  0%| F|  |TAMS 0x000000070ac00000, 0x000000070ac00000| Untracked 
| 161|0x000000070ad00000, 0x000000070ad00000, 0x000000070ae00000|  0%| F|  |TAMS 0x000000070ad00000, 0x000000070ad00000| Untracked 
| 162|0x000000070ae00000, 0x000000070ae00000, 0x000000070af00000|  0%| F|  |TAMS 0x000000070ae00000, 0x000000070ae00000| Untracked 
| 163|0x000000070af00000, 0x000000070af00000, 0x000000070b000000|  0%| F|  |TAMS 0x000000070af00000, 0x000000070af00000| Untracked 
| 164|0x000000070b000000, 0x000000070b000000, 0x000000070b100000|  0%| F|  |TAMS 0x000000070b000000, 0x000000070b000000| Untracked 
| 165|0x000000070b100000, 0x000000070b100000, 0x000000070b200000|  0%| F|  |TAMS 0x000000070b100000, 0x000000070b100000| Untracked 
| 166|0x000000070b200000, 0x000000070b200000, 0x000000070b300000|  0%| F|  |TAMS 0x000000070b200000, 0x000000070b200000| Untracked 
| 167|0x000000070b300000, 0x000000070b300000, 0x000000070b400000|  0%| F|  |TAMS 0x000000070b300000, 0x000000070b300000| Untracked 
| 168|0x000000070b400000, 0x000000070b400000, 0x000000070b500000|  0%| F|  |TAMS 0x000000070b400000, 0x000000070b400000| Untracked 
| 169|0x000000070b500000, 0x000000070b500000, 0x000000070b600000|  0%| F|  |TAMS 0x000000070b500000, 0x000000070b500000| Untracked 
| 170|0x000000070b600000, 0x000000070b600000, 0x000000070b700000|  0%| F|  |TAMS 0x000000070b600000, 0x000000070b600000| Untracked 
| 171|0x000000070b700000, 0x000000070b700000, 0x000000070b800000|  0%| F|  |TAMS 0x000000070b700000, 0x000000070b700000| Untracked 
| 172|0x000000070b800000, 0x000000070b800000, 0x000000070b900000|  0%| F|  |TAMS 0x000000070b800000, 0x000000070b800000| Untracked 
| 173|0x000000070b900000, 0x000000070b900000, 0x000000070ba00000|  0%| F|  |TAMS 0x000000070b900000, 0x000000070b900000| Untracked 
| 174|0x000000070ba00000, 0x000000070ba00000, 0x000000070bb00000|  0%| F|  |TAMS 0x000000070ba00000, 0x000000070ba00000| Untracked 
| 175|0x000000070bb00000, 0x000000070bb00000, 0x000000070bc00000|  0%| F|  |TAMS 0x000000070bb00000, 0x000000070bb00000| Untracked 
| 176|0x000000070bc00000, 0x000000070bc00000, 0x000000070bd00000|  0%| F|  |TAMS 0x000000070bc00000, 0x000000070bc00000| Untracked 
| 177|0x000000070bd00000, 0x000000070bd00000, 0x000000070be00000|  0%| F|  |TAMS 0x000000070bd00000, 0x000000070bd00000| Untracked 
| 178|0x000000070be00000, 0x000000070be00000, 0x000000070bf00000|  0%| F|  |TAMS 0x000000070be00000, 0x000000070be00000| Untracked 
| 179|0x000000070bf00000, 0x000000070bf00000, 0x000000070c000000|  0%| F|  |TAMS 0x000000070bf00000, 0x000000070bf00000| Untracked 
| 180|0x000000070c000000, 0x000000070c000000, 0x000000070c100000|  0%| F|  |TAMS 0x000000070c000000, 0x000000070c000000| Untracked 
| 181|0x000000070c100000, 0x000000070c100000, 0x000000070c200000|  0%| F|  |TAMS 0x000000070c100000, 0x000000070c100000| Untracked 
| 182|0x000000070c200000, 0x000000070c200000, 0x000000070c300000|  0%| F|  |TAMS 0x000000070c200000, 0x000000070c200000| Untracked 
| 183|0x000000070c300000, 0x000000070c300000, 0x000000070c400000|  0%| F|  |TAMS 0x000000070c300000, 0x000000070c300000| Untracked 
| 184|0x000000070c400000, 0x000000070c400000, 0x000000070c500000|  0%| F|  |TAMS 0x000000070c400000, 0x000000070c400000| Untracked 
| 185|0x000000070c500000, 0x000000070c500000, 0x000000070c600000|  0%| F|  |TAMS 0x000000070c500000, 0x000000070c500000| Untracked 
| 186|0x000000070c600000, 0x000000070c600000, 0x000000070c700000|  0%| F|  |TAMS 0x000000070c600000, 0x000000070c600000| Untracked 
| 187|0x000000070c700000, 0x000000070c700000, 0x000000070c800000|  0%| F|  |TAMS 0x000000070c700000, 0x000000070c700000| Untracked 
| 188|0x000000070c800000, 0x000000070c800000, 0x000000070c900000|  0%| F|  |TAMS 0x000000070c800000, 0x000000070c800000| Untracked 
| 189|0x000000070c900000, 0x000000070c900000, 0x000000070ca00000|  0%| F|  |TAMS 0x000000070c900000, 0x000000070c900000| Untracked 
| 190|0x000000070ca00000, 0x000000070ca00000, 0x000000070cb00000|  0%| F|  |TAMS 0x000000070ca00000, 0x000000070ca00000| Untracked 
| 191|0x000000070cb00000, 0x000000070cb00000, 0x000000070cc00000|  0%| F|  |TAMS 0x000000070cb00000, 0x000000070cb00000| Untracked 
| 192|0x000000070cc00000, 0x000000070cc00000, 0x000000070cd00000|  0%| F|  |TAMS 0x000000070cc00000, 0x000000070cc00000| Untracked 
| 193|0x000000070cd00000, 0x000000070cd00000, 0x000000070ce00000|  0%| F|  |TAMS 0x000000070cd00000, 0x000000070cd00000| Untracked 
| 194|0x000000070ce00000, 0x000000070ce00000, 0x000000070cf00000|  0%| F|  |TAMS 0x000000070ce00000, 0x000000070ce00000| Untracked 
| 195|0x000000070cf00000, 0x000000070cf00000, 0x000000070d000000|  0%| F|  |TAMS 0x000000070cf00000, 0x000000070cf00000| Untracked 
| 196|0x000000070d000000, 0x000000070d000000, 0x000000070d100000|  0%| F|  |TAMS 0x000000070d000000, 0x000000070d000000| Untracked 
| 197|0x000000070d100000, 0x000000070d100000, 0x000000070d200000|  0%| F|  |TAMS 0x000000070d100000, 0x000000070d100000| Untracked 
| 198|0x000000070d200000, 0x000000070d200000, 0x000000070d300000|  0%| F|  |TAMS 0x000000070d200000, 0x000000070d200000| Untracked 
| 199|0x000000070d300000, 0x000000070d300000, 0x000000070d400000|  0%| F|  |TAMS 0x000000070d300000, 0x000000070d300000| Untracked 
| 200|0x000000070d400000, 0x000000070d400000, 0x000000070d500000|  0%| F|  |TAMS 0x000000070d400000, 0x000000070d400000| Untracked 
| 201|0x000000070d500000, 0x000000070d500000, 0x000000070d600000|  0%| F|  |TAMS 0x000000070d500000, 0x000000070d500000| Untracked 
| 202|0x000000070d600000, 0x000000070d600000, 0x000000070d700000|  0%| F|  |TAMS 0x000000070d600000, 0x000000070d600000| Untracked 
| 203|0x000000070d700000, 0x000000070d700000, 0x000000070d800000|  0%| F|  |TAMS 0x000000070d700000, 0x000000070d700000| Untracked 
| 204|0x000000070d800000, 0x000000070d800000, 0x000000070d900000|  0%| F|  |TAMS 0x000000070d800000, 0x000000070d800000| Untracked 
| 205|0x000000070d900000, 0x000000070d900000, 0x000000070da00000|  0%| F|  |TAMS 0x000000070d900000, 0x000000070d900000| Untracked 
| 206|0x000000070da00000, 0x000000070da00000, 0x000000070db00000|  0%| F|  |TAMS 0x000000070da00000, 0x000000070da00000| Untracked 
| 207|0x000000070db00000, 0x000000070db00000, 0x000000070dc00000|  0%| F|  |TAMS 0x000000070db00000, 0x000000070db00000| Untracked 
| 208|0x000000070dc00000, 0x000000070dc00000, 0x000000070dd00000|  0%| F|  |TAMS 0x000000070dc00000, 0x000000070dc00000| Untracked 
| 209|0x000000070dd00000, 0x000000070dd00000, 0x000000070de00000|  0%| F|  |TAMS 0x000000070dd00000, 0x000000070dd00000| Untracked 
| 210|0x000000070de00000, 0x000000070de00000, 0x000000070df00000|  0%| F|  |TAMS 0x000000070de00000, 0x000000070de00000| Untracked 
| 211|0x000000070df00000, 0x000000070df00000, 0x000000070e000000|  0%| F|  |TAMS 0x000000070df00000, 0x000000070df00000| Untracked 
| 212|0x000000070e000000, 0x000000070e000000, 0x000000070e100000|  0%| F|  |TAMS 0x000000070e000000, 0x000000070e000000| Untracked 
| 213|0x000000070e100000, 0x000000070e100000, 0x000000070e200000|  0%| F|  |TAMS 0x000000070e100000, 0x000000070e100000| Untracked 
| 214|0x000000070e200000, 0x000000070e200000, 0x000000070e300000|  0%| F|  |TAMS 0x000000070e200000, 0x000000070e200000| Untracked 
| 215|0x000000070e300000, 0x000000070e300000, 0x000000070e400000|  0%| F|  |TAMS 0x000000070e300000, 0x000000070e300000| Untracked 
| 216|0x000000070e400000, 0x000000070e400000, 0x000000070e500000|  0%| F|  |TAMS 0x000000070e400000, 0x000000070e400000| Untracked 
| 217|0x000000070e500000, 0x000000070e500000, 0x000000070e600000|  0%| F|  |TAMS 0x000000070e500000, 0x000000070e500000| Untracked 
| 218|0x000000070e600000, 0x000000070e600000, 0x000000070e700000|  0%| F|  |TAMS 0x000000070e600000, 0x000000070e600000| Untracked 
| 219|0x000000070e700000, 0x000000070e700000, 0x000000070e800000|  0%| F|  |TAMS 0x000000070e700000, 0x000000070e700000| Untracked 
| 220|0x000000070e800000, 0x000000070e800000, 0x000000070e900000|  0%| F|  |TAMS 0x000000070e800000, 0x000000070e800000| Untracked 
| 221|0x000000070e900000, 0x000000070e900000, 0x000000070ea00000|  0%| F|  |TAMS 0x000000070e900000, 0x000000070e900000| Untracked 
| 222|0x000000070ea00000, 0x000000070ea00000, 0x000000070eb00000|  0%| F|  |TAMS 0x000000070ea00000, 0x000000070ea00000| Untracked 
| 223|0x000000070eb00000, 0x000000070eb00000, 0x000000070ec00000|  0%| F|  |TAMS 0x000000070eb00000, 0x000000070eb00000| Untracked 
| 224|0x000000070ec00000, 0x000000070ec00000, 0x000000070ed00000|  0%| F|  |TAMS 0x000000070ec00000, 0x000000070ec00000| Untracked 
| 225|0x000000070ed00000, 0x000000070ed00000, 0x000000070ee00000|  0%| F|  |TAMS 0x000000070ed00000, 0x000000070ed00000| Untracked 
| 226|0x000000070ee00000, 0x000000070ee00000, 0x000000070ef00000|  0%| F|  |TAMS 0x000000070ee00000, 0x000000070ee00000| Untracked 
| 227|0x000000070ef00000, 0x000000070ef00000, 0x000000070f000000|  0%| F|  |TAMS 0x000000070ef00000, 0x000000070ef00000| Untracked 
| 228|0x000000070f000000, 0x000000070f000000, 0x000000070f100000|  0%| F|  |TAMS 0x000000070f000000, 0x000000070f000000| Untracked 
| 229|0x000000070f100000, 0x000000070f100000, 0x000000070f200000|  0%| F|  |TAMS 0x000000070f100000, 0x000000070f100000| Untracked 
| 230|0x000000070f200000, 0x000000070f200000, 0x000000070f300000|  0%| F|  |TAMS 0x000000070f200000, 0x000000070f200000| Untracked 
| 231|0x000000070f300000, 0x000000070f300000, 0x000000070f400000|  0%| F|  |TAMS 0x000000070f300000, 0x000000070f300000| Untracked 
| 232|0x000000070f400000, 0x000000070f400000, 0x000000070f500000|  0%| F|  |TAMS 0x000000070f400000, 0x000000070f400000| Untracked 
| 233|0x000000070f500000, 0x000000070f500000, 0x000000070f600000|  0%| F|  |TAMS 0x000000070f500000, 0x000000070f500000| Untracked 
| 234|0x000000070f600000, 0x000000070f600000, 0x000000070f700000|  0%| F|  |TAMS 0x000000070f600000, 0x000000070f600000| Untracked 
| 235|0x000000070f700000, 0x000000070f800000, 0x000000070f800000|100%| E|  |TAMS 0x000000070f700000, 0x000000070f700000| Complete 
| 236|0x000000070f800000, 0x000000070f900000, 0x000000070f900000|100%| E|CS|TAMS 0x000000070f800000, 0x000000070f800000| Complete 
| 237|0x000000070f900000, 0x000000070fa00000, 0x000000070fa00000|100%| E|  |TAMS 0x000000070f900000, 0x000000070f900000| Complete 
| 238|0x000000070fa00000, 0x000000070fb00000, 0x000000070fb00000|100%| E|CS|TAMS 0x000000070fa00000, 0x000000070fa00000| Complete 
| 239|0x000000070fb00000, 0x000000070fc00000, 0x000000070fc00000|100%| E|CS|TAMS 0x000000070fb00000, 0x000000070fb00000| Complete 
| 240|0x000000070fc00000, 0x000000070fd00000, 0x000000070fd00000|100%| E|CS|TAMS 0x000000070fc00000, 0x000000070fc00000| Complete 
| 241|0x000000070fd00000, 0x000000070fe00000, 0x000000070fe00000|100%| E|CS|TAMS 0x000000070fd00000, 0x000000070fd00000| Complete 
| 242|0x000000070fe00000, 0x000000070ff00000, 0x000000070ff00000|100%| E|CS|TAMS 0x000000070fe00000, 0x000000070fe00000| Complete 
| 243|0x000000070ff00000, 0x0000000710000000, 0x0000000710000000|100%| E|CS|TAMS 0x000000070ff00000, 0x000000070ff00000| Complete 
| 244|0x0000000710000000, 0x0000000710100000, 0x0000000710100000|100%| E|CS|TAMS 0x0000000710000000, 0x0000000710000000| Complete 
| 245|0x0000000710100000, 0x0000000710200000, 0x0000000710200000|100%| E|CS|TAMS 0x0000000710100000, 0x0000000710100000| Complete 
| 246|0x0000000710200000, 0x0000000710300000, 0x0000000710300000|100%| E|CS|TAMS 0x0000000710200000, 0x0000000710200000| Complete 
| 247|0x0000000710300000, 0x0000000710400000, 0x0000000710400000|100%| E|CS|TAMS 0x0000000710300000, 0x0000000710300000| Complete 
| 248|0x0000000710400000, 0x0000000710500000, 0x0000000710500000|100%| E|CS|TAMS 0x0000000710400000, 0x0000000710400000| Complete 
| 249|0x0000000710500000, 0x0000000710600000, 0x0000000710600000|100%| E|CS|TAMS 0x0000000710500000, 0x0000000710500000| Complete 
| 250|0x0000000710600000, 0x0000000710700000, 0x0000000710700000|100%| E|CS|TAMS 0x0000000710600000, 0x0000000710600000| Complete 
| 251|0x0000000710700000, 0x0000000710800000, 0x0000000710800000|100%| E|CS|TAMS 0x0000000710700000, 0x0000000710700000| Complete 
| 252|0x0000000710800000, 0x0000000710900000, 0x0000000710900000|100%| E|CS|TAMS 0x0000000710800000, 0x0000000710800000| Complete 
| 253|0x0000000710900000, 0x0000000710a00000, 0x0000000710a00000|100%| E|CS|TAMS 0x0000000710900000, 0x0000000710900000| Complete 
| 254|0x0000000710a00000, 0x0000000710b00000, 0x0000000710b00000|100%| E|CS|TAMS 0x0000000710a00000, 0x0000000710a00000| Complete 
| 255|0x0000000710b00000, 0x0000000710c00000, 0x0000000710c00000|100%| E|CS|TAMS 0x0000000710b00000, 0x0000000710b00000| Complete 

Card table byte_map: [0x0000022d20410000,0x0000022d20c10000] _byte_map_base: 0x0000022d1cc0a000

Marking Bits (Prev, Next): (CMBitMap*) 0x0000022d06122c08, (CMBitMap*) 0x0000022d06122c40
 Prev Bits: [0x0000022d21410000, 0x0000022d253e0000)
 Next Bits: [0x0000022d253e0000, 0x0000022d293b0000)

Polling page: 0x0000022d06190000

Metaspace:

Usage:
  Non-class:      8.75 MB capacity,     8.70 MB (>99%) used,    45.07 KB ( <1%) free+waste,    11.19 KB ( <1%) overhead. 
      Class:    816.00 KB capacity,   760.02 KB ( 93%) used,    50.85 KB (  6%) free+waste,     5.13 KB ( <1%) overhead. 
       Both:      9.55 MB capacity,     9.44 MB ( 99%) used,    95.92 KB ( <1%) free+waste,    16.31 KB ( <1%) overhead. 

Virtual space:
  Non-class space:       10.00 MB reserved,       9.00 MB ( 90%) committed 
      Class space:        1.00 GB reserved,     896.00 KB ( <1%) committed 
             Both:        1.01 GB reserved,       9.88 MB ( <1%) committed 

Chunk freelists:
   Non-Class:  128.00 KB
       Class:  16.00 KB
        Both:  144.00 KB

MaxMetaspaceSize: 17179869184.00 GB
CompressedClassSpaceSize: 1.00 GB

CodeHeap 'non-profiled nmethods': size=120000Kb used=272Kb max_used=272Kb free=119727Kb
 bounds [0x0000022d17a60000, 0x0000022d17cd0000, 0x0000022d1ef90000]
CodeHeap 'profiled nmethods': size=120000Kb used=1441Kb max_used=1441Kb free=118558Kb
 bounds [0x0000022d10530000, 0x0000022d107a0000, 0x0000022d17a60000]
CodeHeap 'non-nmethods': size=5760Kb used=1422Kb max_used=1435Kb free=4337Kb
 bounds [0x0000022d0ff90000, 0x0000022d10200000, 0x0000022d10530000]
 total_blobs=1695 nmethods=792 adapters=815
 compilation: enabled
              stopped_count=0, restarted_count=0
 full_count=0

Compilation events (20 events):
Event: 0.632 Thread 0x0000022d2ca65000 nmethod 782 0x0000022d17aa2f10 code [0x0000022d17aa30a0, 0x0000022d17aa3178]
Event: 0.633 Thread 0x0000022d2cd5d000 nmethod 772 0x0000022d17aa3290 code [0x0000022d17aa3440, 0x0000022d17aa39e8]
Event: 0.633 Thread 0x0000022d2ca6b800  784       3       java.nio.channels.spi.AbstractInterruptibleChannel::isOpen (13 bytes)
Event: 0.633 Thread 0x0000022d2ca6b800 nmethod 784 0x0000022d10690f90 code [0x0000022d10691140, 0x0000022d10691298]
Event: 0.633 Thread 0x0000022d2ca6b800  785       3       sun.nio.ch.Util::isBufferTooLarge (15 bytes)
Event: 0.633 Thread 0x0000022d2ca6b800 nmethod 785 0x0000022d10691310 code [0x0000022d106914c0, 0x0000022d10691618]
Event: 0.635 Thread 0x0000022d2ca6b800  786       3       java.io.FilterInputStream::read (11 bytes)
Event: 0.635 Thread 0x0000022d2ca6b800 nmethod 786 0x0000022d10691690 code [0x0000022d10691840, 0x0000022d10691a08]
Event: 0.636 Thread 0x0000022d2ca6b800  787       3       sun.nio.ch.FileChannelImpl::ensureOpen (16 bytes)
Event: 0.636 Thread 0x0000022d2ca6b800 nmethod 787 0x0000022d10691b10 code [0x0000022d10691ce0, 0x0000022d10691f48]
Event: 0.636 Thread 0x0000022d2ca6b800  788   !   3       sun.nio.ch.NativeThreadSet::add (155 bytes)
Event: 0.636 Thread 0x0000022d2ca6b800 nmethod 788 0x0000022d10692090 code [0x0000022d10692280, 0x0000022d10692968]
Event: 0.636 Thread 0x0000022d2ca6b800  789   !   3       sun.nio.ch.NativeThreadSet::remove (50 bytes)
Event: 0.637 Thread 0x0000022d2ca6b800 nmethod 789 0x0000022d10692c10 code [0x0000022d10692de0, 0x0000022d10693188]
Event: 0.637 Thread 0x0000022d2ca6b800  790       1       sun.nio.fs.NativeBuffer::owner (5 bytes)
Event: 0.637 Thread 0x0000022d2ca6b800 nmethod 790 0x0000022d17aa3d90 code [0x0000022d17aa3f40, 0x0000022d17aa3ff8]
Event: 0.658 Thread 0x0000022d2ca6b800  791       3       sun.nio.fs.WindowsPathParser::normalize (233 bytes)
Event: 0.660 Thread 0x0000022d2ca6b800 nmethod 791 0x0000022d10693310 code [0x0000022d10693960, 0x0000022d10696d88]
Event: 0.661 Thread 0x0000022d2ca6b800  792       3       java.lang.ref.Reference::clear (6 bytes)
Event: 0.661 Thread 0x0000022d2ca6b800 nmethod 792 0x0000022d10698110 code [0x0000022d106982c0, 0x0000022d106983f8]

GC Heap History (0 events):
No events

Deoptimization events (20 events):
Event: 0.268 Thread 0x0000022d060ba800 Uncommon trap: trap_request=0xffffffde fr.pc=0x0000022d17a862ec relative=0x000000000000048c
Event: 0.268 Thread 0x0000022d060ba800 Uncommon trap: reason=class_check action=maybe_recompile pc=0x0000022d17a862ec method=java.util.HashMap.getNode(ILjava/lang/Object;)Ljava/util/HashMap$Node; @ 59 c2
Event: 0.268 Thread 0x0000022d060ba800 DEOPT PACKING pc=0x0000022d17a862ec sp=0x000000f904cfbec0
Event: 0.268 Thread 0x0000022d060ba800 DEOPT UNPACKING pc=0x0000022d0ffb7b2f sp=0x000000f904cfbdd8 mode 2
Event: 0.285 Thread 0x0000022d060ba800 Uncommon trap: trap_request=0xffffffde fr.pc=0x0000022d17a862ec relative=0x000000000000048c
Event: 0.285 Thread 0x0000022d060ba800 Uncommon trap: reason=class_check action=maybe_recompile pc=0x0000022d17a862ec method=java.util.HashMap.getNode(ILjava/lang/Object;)Ljava/util/HashMap$Node; @ 59 c2
Event: 0.285 Thread 0x0000022d060ba800 DEOPT PACKING pc=0x0000022d17a862ec sp=0x000000f904cfdfa0
Event: 0.285 Thread 0x0000022d060ba800 DEOPT UNPACKING pc=0x0000022d0ffb7b2f sp=0x000000f904cfdeb8 mode 2
Event: 0.569 Thread 0x0000022d060ba800 Uncommon trap: trap_request=0xffffffde fr.pc=0x0000022d17a862ec relative=0x000000000000048c
Event: 0.569 Thread 0x0000022d060ba800 Uncommon trap: reason=class_check action=maybe_recompile pc=0x0000022d17a862ec method=java.util.HashMap.getNode(ILjava/lang/Object;)Ljava/util/HashMap$Node; @ 59 c2
Event: 0.569 Thread 0x0000022d060ba800 DEOPT PACKING pc=0x0000022d17a862ec sp=0x000000f904cfe1a0
Event: 0.569 Thread 0x0000022d060ba800 DEOPT UNPACKING pc=0x0000022d0ffb7b2f sp=0x000000f904cfe0b8 mode 2
Event: 0.576 Thread 0x0000022d060ba800 Uncommon trap: trap_request=0xffffff5c fr.pc=0x0000022d17a9e880 relative=0x0000000000000060
Event: 0.576 Thread 0x0000022d060ba800 Uncommon trap: reason=speculate_null_assert action=make_not_entrant pc=0x0000022d17a9e880 method=sun.misc.Unsafe.putLong(Ljava/lang/Object;JJ)V @ 7 c2
Event: 0.576 Thread 0x0000022d060ba800 DEOPT PACKING pc=0x0000022d17a9e880 sp=0x000000f904cff070
Event: 0.576 Thread 0x0000022d060ba800 DEOPT UNPACKING pc=0x0000022d0ffb7b2f sp=0x000000f904cfefe8 mode 2
Event: 0.580 Thread 0x0000022d060ba800 Uncommon trap: trap_request=0xffffff5c fr.pc=0x0000022d17aa0cf8 relative=0x0000000000000058
Event: 0.580 Thread 0x0000022d060ba800 Uncommon trap: reason=speculate_null_assert action=make_not_entrant pc=0x0000022d17aa0cf8 method=sun.misc.Unsafe.getLong(Ljava/lang/Object;J)J @ 5 c2
Event: 0.580 Thread 0x0000022d060ba800 DEOPT PACKING pc=0x0000022d17aa0cf8 sp=0x000000f904cff1d0
Event: 0.580 Thread 0x0000022d060ba800 DEOPT UNPACKING pc=0x0000022d0ffb7b2f sp=0x000000f904cff158 mode 2

Classes redefined (0 events):
No events

Internal exceptions (20 events):
Event: 0.575 Thread 0x0000022d060ba800 Exception <a 'java/security/PrivilegedActionException'{0x000000070f925358}> (0x000000070f925358) thrown at [./src/hotspot/share/prims/jvm.cpp, line 1306]
Event: 0.575 Thread 0x0000022d060ba800 Exception <a 'java/security/PrivilegedActionException'{0x000000070f925628}> (0x000000070f925628) thrown at [./src/hotspot/share/prims/jvm.cpp, line 1306]
Event: 0.577 Thread 0x0000022d060ba800 Exception <a 'java/security/PrivilegedActionException'{0x000000070f93e518}> (0x000000070f93e518) thrown at [./src/hotspot/share/prims/jvm.cpp, line 1306]
Event: 0.577 Thread 0x0000022d060ba800 Exception <a 'java/security/PrivilegedActionException'{0x000000070f93e7e8}> (0x000000070f93e7e8) thrown at [./src/hotspot/share/prims/jvm.cpp, line 1306]
Event: 0.577 Thread 0x0000022d060ba800 Exception <a 'java/security/PrivilegedActionException'{0x000000070f940098}> (0x000000070f940098) thrown at [./src/hotspot/share/prims/jvm.cpp, line 1306]
Event: 0.577 Thread 0x0000022d060ba800 Exception <a 'java/security/PrivilegedActionException'{0x000000070f940368}> (0x000000070f940368) thrown at [./src/hotspot/share/prims/jvm.cpp, line 1306]
Event: 0.577 Thread 0x0000022d060ba800 Exception <a 'java/security/PrivilegedActionException'{0x000000070f950358}> (0x000000070f950358) thrown at [./src/hotspot/share/prims/jvm.cpp, line 1306]
Event: 0.577 Thread 0x0000022d060ba800 Exception <a 'java/security/PrivilegedActionException'{0x000000070f950628}> (0x000000070f950628) thrown at [./src/hotspot/share/prims/jvm.cpp, line 1306]
Event: 0.621 Thread 0x0000022d060ba800 Exception <a 'java/security/PrivilegedActionException'{0x000000070f85d9a8}> (0x000000070f85d9a8) thrown at [./src/hotspot/share/prims/jvm.cpp, line 1306]
Event: 0.621 Thread 0x0000022d060ba800 Exception <a 'java/security/PrivilegedActionException'{0x000000070f85dc78}> (0x000000070f85dc78) thrown at [./src/hotspot/share/prims/jvm.cpp, line 1306]
Event: 0.622 Thread 0x0000022d060ba800 Exception <a 'java/security/PrivilegedActionException'{0x000000070f85f590}> (0x000000070f85f590) thrown at [./src/hotspot/share/prims/jvm.cpp, line 1306]
Event: 0.622 Thread 0x0000022d060ba800 Exception <a 'java/security/PrivilegedActionException'{0x000000070f85f860}> (0x000000070f85f860) thrown at [./src/hotspot/share/prims/jvm.cpp, line 1306]
Event: 0.622 Thread 0x0000022d060ba800 Exception <a 'java/security/PrivilegedActionException'{0x000000070f8707c0}> (0x000000070f8707c0) thrown at [./src/hotspot/share/prims/jvm.cpp, line 1306]
Event: 0.622 Thread 0x0000022d060ba800 Exception <a 'java/security/PrivilegedActionException'{0x000000070f870a90}> (0x000000070f870a90) thrown at [./src/hotspot/share/prims/jvm.cpp, line 1306]
Event: 0.631 Thread 0x0000022d060ba800 Exception <a 'sun/nio/fs/WindowsException'{0x000000070f79c130}> (0x000000070f79c130) thrown at [./src/hotspot/share/prims/jni.cpp, line 615]
Event: 0.631 Thread 0x0000022d060ba800 Exception <a 'sun/nio/fs/WindowsException'{0x000000070f79c420}> (0x000000070f79c420) thrown at [./src/hotspot/share/prims/jni.cpp, line 615]
Event: 0.631 Thread 0x0000022d060ba800 Exception <a 'sun/nio/fs/WindowsException'{0x000000070f79d1c8}> (0x000000070f79d1c8) thrown at [./src/hotspot/share/prims/jni.cpp, line 615]
Event: 0.631 Thread 0x0000022d060ba800 Exception <a 'sun/nio/fs/WindowsException'{0x000000070f7a4a90}> (0x000000070f7a4a90) thrown at [./src/hotspot/share/prims/jni.cpp, line 615]
Event: 0.658 Thread 0x0000022d060ba800 Exception <a 'sun/nio/fs/WindowsException'{0x000000070f7a78e8}> (0x000000070f7a78e8) thrown at [./src/hotspot/share/prims/jni.cpp, line 615]
Event: 0.658 Thread 0x0000022d060ba800 Exception <a 'sun/nio/fs/WindowsException'{0x000000070f7a7c70}> (0x000000070f7a7c70) thrown at [./src/hotspot/share/prims/jni.cpp, line 615]

Events (20 events):
Event: 0.623 loading class kotlin/KotlinNullPointerException done
Event: 0.623 loading class java/lang/AssertionError
Event: 0.623 loading class java/lang/AssertionError done
Event: 0.623 loading class kotlin/UninitializedPropertyAccessException
Event: 0.623 loading class kotlin/UninitializedPropertyAccessException done
Event: 0.624 loading class org/lwjgl/opengl/GL11
Event: 0.624 loading class org/lwjgl/opengl/GL11 done
Event: 0.627 loading class org/lwjgl/opengl/GL11C
Event: 0.627 loading class org/lwjgl/opengl/GL11C done
Event: 0.627 loading class org/lwjgl/system/libc/LibCString
Event: 0.627 loading class org/lwjgl/system/libc/LibCString done
Event: 0.628 loading class org/lwjgl/stb/STBImage
Event: 0.628 loading class org/lwjgl/stb/STBImage done
Event: 0.629 loading class org/lwjgl/stb/LibSTB
Event: 0.629 loading class org/lwjgl/stb/LibSTB done
Event: 0.631 loading class java/nio/file/FileAlreadyExistsException
Event: 0.631 loading class java/nio/file/FileAlreadyExistsException done
Event: 0.631 loading class java/nio/file/StandardCopyOption
Event: 0.631 loading class java/nio/file/StandardCopyOption done
Event: 0.660 Loaded shared library C:\Users\as00p\AppData\Local\Temp\lwjglas00p\3.3.0-build-21\lwjgl_stb.dll


Dynamic libraries:
0x00007ff727760000 - 0x00007ff72776d000 	C:\Users\as00p\.jdks\corretto-11.0.10\bin\java.exe
0x00007fff06bd0000 - 0x00007fff06dc5000 	C:\Windows\SYSTEM32\ntdll.dll
0x00007fff05500000 - 0x00007fff055be000 	C:\Windows\System32\KERNEL32.DLL
0x00007fff04600000 - 0x00007fff048c8000 	C:\Windows\System32\KERNELBASE.dll
0x00007fff04380000 - 0x00007fff04480000 	C:\Windows\System32\ucrtbase.dll
0x00007ffef0940000 - 0x00007ffef0957000 	C:\Users\as00p\.jdks\corretto-11.0.10\bin\jli.dll
0x00007ffef0820000 - 0x00007ffef0835000 	C:\Users\as00p\.jdks\corretto-11.0.10\bin\VCRUNTIME140.dll
0x00007fff051a0000 - 0x00007fff05341000 	C:\Windows\System32\USER32.dll
0x00007ffef18b0000 - 0x00007ffef1b4a000 	C:\Windows\WinSxS\amd64_microsoft.windows.common-controls_6595b64144ccf1df_6.0.19041.1110_none_60b5254171f9507e\COMCTL32.dll
0x00007fff045d0000 - 0x00007fff045f2000 	C:\Windows\System32\win32u.dll
0x00007fff05a30000 - 0x00007fff05ace000 	C:\Windows\System32\msvcrt.dll
0x00007fff05110000 - 0x00007fff0513b000 	C:\Windows\System32\GDI32.dll
0x00007fff048d0000 - 0x00007fff049db000 	C:\Windows\System32\gdi32full.dll
0x00007fff044d0000 - 0x00007fff0456d000 	C:\Windows\System32\msvcp_win.dll
0x00007fff05b50000 - 0x00007fff05b80000 	C:\Windows\System32\IMM32.DLL
0x00007ffeddda0000 - 0x00007ffedde3b000 	C:\Users\as00p\.jdks\corretto-11.0.10\bin\msvcp140.dll
0x00007ffeb2680000 - 0x00007ffeb31c7000 	C:\Users\as00p\.jdks\corretto-11.0.10\bin\server\jvm.dll
0x00007fff06200000 - 0x00007fff062ac000 	C:\Windows\System32\ADVAPI32.dll
0x00007fff04c80000 - 0x00007fff04d1b000 	C:\Windows\System32\sechost.dll
0x00007fff060d0000 - 0x00007fff061fa000 	C:\Windows\System32\RPCRT4.dll
0x00007fff062b0000 - 0x00007fff062b8000 	C:\Windows\System32\PSAPI.DLL
0x00007ffefeed0000 - 0x00007ffefeed9000 	C:\Windows\SYSTEM32\WSOCK32.dll
0x00007ffefb9e0000 - 0x00007ffefb9ea000 	C:\Windows\SYSTEM32\VERSION.dll
0x00007ffefa7c0000 - 0x00007ffefa7e7000 	C:\Windows\SYSTEM32\WINMM.dll
0x00007fff05ad0000 - 0x00007fff05b3b000 	C:\Windows\System32\WS2_32.dll
0x00007fff02210000 - 0x00007fff02222000 	C:\Windows\SYSTEM32\kernel.appcore.dll
0x00007ffefcc50000 - 0x00007ffefcc60000 	C:\Users\as00p\.jdks\corretto-11.0.10\bin\verify.dll
0x00007ffef65c0000 - 0x00007ffef67a4000 	C:\Windows\SYSTEM32\DBGHELP.DLL
0x00007ffef0860000 - 0x00007ffef088c000 	C:\Windows\SYSTEM32\dbgcore.DLL
0x00007fff042f0000 - 0x00007fff04373000 	C:\Windows\System32\bcryptPrimitives.dll
0x00007ffedf1d0000 - 0x00007ffedf1f8000 	C:\Users\as00p\.jdks\corretto-11.0.10\bin\java.dll
0x00007ffefc740000 - 0x00007ffefc74a000 	C:\Users\as00p\.jdks\corretto-11.0.10\bin\jimage.dll
0x00007ffeec770000 - 0x00007ffeec787000 	C:\Users\as00p\.jdks\corretto-11.0.10\bin\zip.dll
0x00007fff062c0000 - 0x00007fff069ff000 	C:\Windows\System32\SHELL32.dll
0x00007fff02410000 - 0x00007fff02ba0000 	C:\Windows\SYSTEM32\windows.storage.dll
0x00007fff04d20000 - 0x00007fff05075000 	C:\Windows\System32\combase.dll
0x00007fff03d40000 - 0x00007fff03d6e000 	C:\Windows\SYSTEM32\Wldp.dll
0x00007fff06a80000 - 0x00007fff06b2d000 	C:\Windows\System32\SHCORE.dll
0x00007fff05140000 - 0x00007fff05195000 	C:\Windows\System32\shlwapi.dll
0x00007fff04230000 - 0x00007fff0424f000 	C:\Windows\SYSTEM32\profapi.dll
0x00007ffee82e0000 - 0x00007ffee82f9000 	C:\Users\as00p\.jdks\corretto-11.0.10\bin\net.dll
0x00007ffef86e0000 - 0x00007ffef87ec000 	C:\Windows\SYSTEM32\WINHTTP.dll
0x00007fff03aa0000 - 0x00007fff03b0a000 	C:\Windows\system32\mswsock.dll
0x00007ffee5970000 - 0x00007ffee5982000 	C:\Users\as00p\.jdks\corretto-11.0.10\bin\nio.dll
0x00007ffeddd20000 - 0x00007ffeddd91000 	C:\Users\as00p\AppData\Local\Temp\lwjglas00p\3.3.0-build-21\lwjgl.dll
0x00007ffebc720000 - 0x00007ffebc976000 	C:\Users\as00p\AppData\Local\Temp\lwjglas00p\3.3.0-build-21\jemalloc.dll
0x00007ffedeac0000 - 0x00007ffedeb21000 	C:\Users\as00p\AppData\Local\Temp\lwjglas00p\3.3.0-build-21\glfw.dll
0x00007ffedeff0000 - 0x00007ffedf035000 	C:\Windows\SYSTEM32\dinput8.dll
0x00007ffee1f50000 - 0x00007ffee1f61000 	C:\Windows\SYSTEM32\xinput1_4.dll
0x00007fff04480000 - 0x00007fff044ce000 	C:\Windows\System32\cfgmgr32.dll
0x00007fff04090000 - 0x00007fff040c4000 	C:\Windows\SYSTEM32\DEVOBJ.dll
0x00007fff01f20000 - 0x00007fff01f4f000 	C:\Windows\SYSTEM32\dwmapi.dll
0x00007ffeedad0000 - 0x00007ffeedc22000 	C:\Windows\SYSTEM32\inputhost.dll
0x00007fff06000000 - 0x00007fff060cd000 	C:\Windows\System32\OLEAUT32.dll
0x00007ffefffb0000 - 0x00007fff00104000 	C:\Windows\SYSTEM32\wintypes.dll
0x00007fff00e70000 - 0x00007fff00f62000 	C:\Windows\SYSTEM32\CoreMessaging.dll
0x00007fff01300000 - 0x00007fff013f6000 	C:\Windows\SYSTEM32\PROPSYS.dll
0x00007fff00b10000 - 0x00007fff00e6e000 	C:\Windows\SYSTEM32\CoreUIComponents.dll
0x00007fff02fe0000 - 0x00007fff03013000 	C:\Windows\SYSTEM32\ntmarta.dll
0x00007fff01c40000 - 0x00007fff01cde000 	C:\Windows\system32\uxtheme.dll
0x00007fff05900000 - 0x00007fff05a15000 	C:\Windows\System32\MSCTF.dll
0x00007ffefc430000 - 0x00007ffefc555000 	C:\Windows\SYSTEM32\opengl32.dll
0x00007ffefe6f0000 - 0x00007ffefe71c000 	C:\Windows\SYSTEM32\GLU32.dll
0x00007fff05850000 - 0x00007fff058f9000 	C:\Windows\System32\clbcatq.dll
0x00007ffe8e7d0000 - 0x00007ffe9178f000 	C:\Windows\System32\DriverStore\FileRepository\nv_dispi.inf_amd64_44dc4eefedc0d082\nvoglv64.dll
0x00007fff05b80000 - 0x00007fff05ff2000 	C:\Windows\System32\SETUPAPI.dll
0x00007fff049e0000 - 0x00007fff04a07000 	C:\Windows\System32\bcrypt.dll
0x00007fff05640000 - 0x00007fff0576a000 	C:\Windows\System32\ole32.dll
0x00007fff004b0000 - 0x00007fff004c4000 	C:\Windows\SYSTEM32\WTSAPI32.dll
0x00007fff03c90000 - 0x00007fff03c9c000 	C:\Windows\SYSTEM32\CRYPTBASE.DLL
0x00007fff03ed0000 - 0x00007fff03ee2000 	C:\Windows\SYSTEM32\msasn1.dll
0x00007ffefb9a0000 - 0x00007ffefb9d1000 	C:\Windows\SYSTEM32\cryptnet.dll
0x00007fff04a10000 - 0x00007fff04b66000 	C:\Windows\System32\CRYPT32.dll
0x00007ffef9030000 - 0x00007ffef917a000 	C:\Windows\SYSTEM32\drvstore.dll
0x00007fff04570000 - 0x00007fff045d0000 	C:\Windows\System32\WINTRUST.dll
0x00007ffefea40000 - 0x00007ffefea7b000 	C:\Windows\SYSTEM32\dxcore.dll
0x00007ffeab3d0000 - 0x00007ffeab693000 	C:\Windows\system32\nvspcap64.dll
0x00007fff038b0000 - 0x00007fff038fb000 	C:\Windows\SYSTEM32\powrprof.dll
0x00007fff03720000 - 0x00007fff03732000 	C:\Windows\SYSTEM32\UMPDC.dll
0x00007fff03050000 - 0x00007fff030aa000 	C:\Windows\SYSTEM32\WINSTA.dll
0x00007ffef0050000 - 0x00007ffef0149000 	C:\Windows\SYSTEM32\textinputframework.dll
0x00007ffeddc60000 - 0x00007ffeddcbd000 	C:\Users\as00p\AppData\Local\Temp\lwjglas00p\3.3.0-build-21\lwjgl_opengl.dll
0x00007ffeddbd0000 - 0x00007ffeddc51000 	C:\Users\as00p\AppData\Local\Temp\lwjglas00p\3.3.0-build-21\lwjgl_stb.dll

dbghelp: loaded successfully - version: 4.0.5 - missing functions: none
symbol engine: initialized successfully - sym options: 0x614 - pdb path: .;C:\Users\as00p\.jdks\corretto-11.0.10\bin;C:\Windows\SYSTEM32;C:\Windows\WinSxS\amd64_microsoft.windows.common-controls_6595b64144ccf1df_6.0.19041.1110_none_60b5254171f9507e;C:\Users\as00p\.jdks\corretto-11.0.10\bin\server;C:\Users\as00p\AppData\Local\Temp\lwjglas00p\3.3.0-build-21;C:\Windows\System32\DriverStore\FileRepository\nv_dispi.inf_amd64_44dc4eefedc0d082

VM Arguments:
jvm_args: -Dfile.encoding=windows-1252 -Duser.country=CA -Duser.language=en -Duser.variant -ea 
java_command: MainKt
java_class_path (initial): C:\workspace\kotlin_workspace\minepaf\build\classes\java\main;C:\workspace\kotlin_workspace\minepaf\build\classes\kotlin\main;C:\workspace\kotlin_workspace\minepaf\build\resources\main;C:\Users\as00p\.gradle\caches\modules-2\files-2.1\org.jetbrains.kotlin\kotlin-stdlib\1.4.10\ea29e063d2bbe695be13e9d044dcfb0c7add398e\kotlin-stdlib-1.4.10.jar;C:\Users\as00p\.gradle\caches\modules-2\files-2.1\org.lwjglx\lwjgl3-awt\0.1.8\245db5fbcece710ebceb0a0f200bf11333504e4\lwjgl3-awt-0.1.8.jar;C:\Users\as00p\.gradle\caches\modules-2\files-2.1\org.lwjgl\lwjgl-assimp\3.3.0\82135e856184e76d38a97f729141298d3edcf0e4\lwjgl-assimp-3.3.0.jar;C:\Users\as00p\.gradle\caches\modules-2\files-2.1\org.lwjgl\lwjgl-assimp\3.3.0\3256ea17d2f82e98a2e6464cb165a3af49ac5e36\lwjgl-assimp-3.3.0-natives-windows.jar;C:\Users\as00p\.gradle\caches\modules-2\files-2.1\org.lwjgl\lwjgl-bgfx\3.3.0\b9e9a62b741bdc60f9207a4d4de6e61a2b7de6af\lwjgl-bgfx-3.3.0.jar;C:\Users\as00p\.gradle\caches\modules-2\files-2.1\org.lwjgl\lwjgl-bgfx\3.3.0\8f0e247ce5362233bdf3508855b8170bedf7b654\lwjgl-bgfx-3.3.0-natives-windows.jar;C:\Users\as00p\.gradle\caches\modules-2\files-2.1\org.lwjgl\lwjgl-cuda\3.3.0\9dee4053dcf7cb384f278ff322bf074697a70a29\lwjgl-cuda-3.3.0.jar;C:\Users\as00p\.gradle\caches\modules-2\files-2.1\org.lwjgl\lwjgl-egl\3.3.0\d1b6d7ea32ac6c91b4f7ea06b59055dcead9bfd3\lwjgl-egl-3.3.0.jar;C:\Users\as00p\.gradle\caches\modules-2\files-2.1\org.lwjgl\lwjgl-glfw\3.3.0\899e34f314525596f8fdb6476d3e56104da4601d\lwjgl-glfw-3.3.0.jar;C:\Users\as00p\.gradle\caches\modules-2\files-2.1\org.lwjgl\lwjgl-glfw\3.3.0\b2d71cebdfecc512131879573e835211cb47b91f\lwjgl-glfw-3.3.0-natives-windows.jar;C:\Users\as00p\.gradle\caches\modules-2\files-2.1\org.lwjgl\lwjgl-jawt\3.3.0\344838f4ceaef31827fd54e24156d33e9ddc694\lwjgl-jawt-3.3.0.jar;C:\Users\as00p\.gradle\caches\modules-2\files-2.1\org.lwjgl\lwjgl-jemalloc\3.3.0\ce52faa3fd0c9ed7af45145e94b01eade5fd5daf\lwjgl-jemalloc-3.3.0.jar;C:\Users\as00p\.gradle\caches\modules-
Launcher Type: SUN_STANDARD

[Global flags]
     intx CICompilerCount                          = 4                                         {product} {ergonomic}
     uint ConcGCThreads                            = 3                                         {product} {ergonomic}
     uint G1ConcRefinementThreads                  = 10                                        {product} {ergonomic}
   size_t G1HeapRegionSize                         = 1048576                                   {product} {ergonomic}
    uintx GCDrainStackTargetSize                   = 64                                        {product} {ergonomic}
   size_t InitialHeapSize                          = 268435456                                 {product} {ergonomic}
   size_t MarkStackSize                            = 4194304                                   {product} {ergonomic}
   size_t MaxHeapSize                              = 4282384384                                {product} {ergonomic}
   size_t MaxNewSize                               = 2569011200                                {product} {ergonomic}
   size_t MinHeapDeltaBytes                        = 1048576                                   {product} {ergonomic}
    uintx NonNMethodCodeHeapSize                   = 5836300                                {pd product} {ergonomic}
    uintx NonProfiledCodeHeapSize                  = 122910970                              {pd product} {ergonomic}
    uintx ProfiledCodeHeapSize                     = 122910970                              {pd product} {ergonomic}
    uintx ReservedCodeCacheSize                    = 251658240                              {pd product} {ergonomic}
     bool SegmentedCodeCache                       = true                                      {product} {ergonomic}
     bool UseCompressedClassPointers               = true                                 {lp64_product} {ergonomic}
     bool UseCompressedOops                        = true                                 {lp64_product} {ergonomic}
     bool UseG1GC                                  = true                                      {product} {ergonomic}
     bool UseLargePagesIndividualAllocation        = false                                  {pd product} {ergonomic}

Logging:
Log output configuration:
 #0: stdout all=warning uptime,level,tags
 #1: stderr all=off uptime,level,tags

Environment Variables:
PATH=C:\Python39\Scripts\;C:\Python39\;C:\Program Files\Common Files\Oracle\Java\javapath;C:\Windows\system32;C:\Windows;C:\Windows\System32\Wbem;C:\Windows\System32\WindowsPowerShell\v1.0\;C:\Windows\System32\OpenSSH\;C:\Program Files\NVIDIA Corporation\NVIDIA NvDLISR;C:\Program Files (x86)\NVIDIA Corporation\PhysX\Common;C:\Program Files\Java\jdk-15.0.1\bin;C:\Users\as00p\AppData\Local\Android\sdk\platform-tools;C:\Program Files\nodejs\;C:\ProgramData\chocolatey\bin;C:\Program Files\Git\cmd;C:\Users\as00p\AppData\Local\Microsoft\WindowsApps;;C:\Program Files\JetBrains\PyCharm 2019.2\bin;;C:\Program Files\JetBrains\IntelliJ IDEA Community Edition 2020.3\bin;;C:\Users\as00p\AppData\Roaming\npm
USERNAME=as00p
OS=Windows_NT
PROCESSOR_IDENTIFIER=AMD64 Family 23 Model 113 Stepping 0, AuthenticAMD



---------------  S Y S T E M  ---------------

OS: Windows 10 , 64 bit Build 19041 (10.0.19041.1320)
OS uptime: 18 days 6:20 hours

CPU:total 12 (initial active 12) (12 cores per cpu, 2 threads per core) family 23 model 113 stepping 0 microcode 0x0, cmov, cx8, fxsr, mmx, sse, sse2, sse3, ssse3, sse4.1, sse4.2, popcnt, avx, avx2, aes, clmul, mmxext, 3dnowpref, lzcnt, sse4a, ht, tsc, tscinvbit, tscinv, bmi1, bmi2, adx,

Memory: 4k page, system-wide physical 16332M (4699M free)
TotalPageFile size 25011M (AvailPageFile size 4204M)
current process WorkingSet (physical memory assigned to process): 114M, peak: 114M
current process commit charge ("private bytes"): 432M, peak: 432M

vm_info: OpenJDK 64-Bit Server VM (11.0.10+9-LTS) for windows-amd64 JRE (11.0.10+9-LTS), built on Jan 12 2021 22:37:55 by "Administrator" with MS VC++ 15.9 (VS2017)

END.
